<?xml version="1.0" encoding="UTF-8"?>
<!-- Generated by org.testng.reporters.JUnitXMLReporter -->
<testsuite ignored="0" hostname="MOBBALVANTRAY.Falabella.com" failures="1" tests="2" name="Test" time="20.934" errors="0" timestamp="30 jul. 2018 19:51:57 GMT+00:00">
  <testcase classname="com.falabella.test.cl.T1" name="Searh_Product_In_HomePage_1" time="6.166"/>
  <testcase classname="com.falabella.test.cl.T2" name="Searh_Product_In_HomePage_2" time="4.434">
    <failure type="java.lang.AssertionError" message="Div Product is not display expected [false] but found [true]">
      <![CDATA[java.lang.AssertionError: Div Product is not display expected [false] but found [true]
	at com.falabella.test.cl.T2.Searh_Product_In_HomePage_2(T2.java:15)
... Removed 32 stack frames]]>
    </failure>
  </testcase> <!-- Searh_Product_In_HomePage_2 -->
</testsuite> <!-- Test -->
