<?xml version="1.0" encoding="UTF-8"?>
<testsuite xmlns:xsi="http://www.w3.org/2001/XMLSchema-instance" xsi:noNamespaceSchemaLocation="https://maven.apache.org/surefire/maven-surefire-plugin/xsd/surefire-test-report.xsd" name="TestSuite" time="21.332" tests="2" errors="0" skipped="0" failures="1">
  <properties>
[...]
</properties>
  <testcase name="Searh_Product_In_HomePage_1" classname="com.falabella.test.cl.T1" time="6.167"/>
  <testcase name="Searh_Product_In_HomePage_2" classname="com.falabella.test.cl.T2" time="4.44">
    <failure message="Div Product is not display expected [false] but found [true]" type="java.lang.AssertionError">java.lang.AssertionError: Div Product is not display expected [false] but found [true]
	at com.falabella.test.cl.T2.Searh_Product_In_HomePage_2(T2.java:15)
</failure>
    <system-err><![CDATA[jul. 30, 2018 3:51:50 P.M. org.openqa.selenium.remote.ProtocolHandshake createSession
INFORMACIÓN: Detected dialect: OSS
]]></system-err>
  </testcase>
</testsuite>