-------------------------------------------------------------------------------
Test set: TestSuite
-------------------------------------------------------------------------------
Tests run: 2, Failures: 1, Errors: 0, Skipped: 0, Time elapsed: 21.332 s <<< FAILURE! - in TestSuite
Searh_Product_In_HomePage_2(com.falabella.test.cl.T2)  Time elapsed: 4.44 s  <<< FAILURE!
java.lang.AssertionError: Div Product is not display expected [false] but found [true]
	at com.falabella.test.cl.T2.Searh_Product_In_HomePage_2(T2.java:15)

