<?xml version="1.0" encoding="UTF-8"?>
<testng-results skipped="0" failed="0" ignored="0" total="1" passed="1">
  <reporter-output>
  </reporter-output>
  <suite name="Default suite" duration-ms="12761" started-at="2018-09-16T23:07:45Z" finished-at="2018-09-16T23:07:58Z">
    <groups>
    </groups>
    <test name="Default test" duration-ms="12761" started-at="2018-09-16T23:07:45Z" finished-at="2018-09-16T23:07:58Z">
      <class name="com.falabella.test.cl.T1">
        <test-method status="PASS" signature="getDriver()[pri:0, instance:com.falabella.test.cl.T1@4b168fa9]" name="getDriver" is-config="true" duration-ms="8292" started-at="2018-09-16T23:07:45Z" finished-at="2018-09-16T23:07:54Z">
          <reporter-output>
          </reporter-output>
        </test-method> <!-- getDriver -->
        <test-method status="PASS" signature="SearhProductInHomePage1(com.falabella.entities.Product)[pri:0, instance:com.falabella.test.cl.T1@4b168fa9]" name="SearhProductInHomePage1" duration-ms="3797" started-at="2018-09-16T23:07:54Z" data-provider="ProductFalabella" finished-at="2018-09-16T23:07:58Z">
          <params>
            <param index="0">
              <value>
                <![CDATA[com.falabella.entities.Product@79c7532f]]>
              </value>
            </param>
          </params>
          <reporter-output>
          </reporter-output>
        </test-method> <!-- SearhProductInHomePage1 -->
        <test-method status="PASS" signature="closeDriver(org.testng.ITestResult)[pri:0, instance:com.falabella.test.cl.T1@4b168fa9]" name="closeDriver" is-config="true" duration-ms="413" started-at="2018-09-16T23:07:58Z" finished-at="2018-09-16T23:07:58Z">
          <params>
            <param index="0">
              <value>
                <![CDATA[[TestResult name=SearhProductInHomePage1 status=SUCCESS method=T1.SearhProductInHomePage1(com.falabella.entities.Product)[pri:0, instance:com.falabella.test.cl.T1@4b168fa9] output={null}]]]>
              </value>
            </param>
          </params>
          <reporter-output>
          </reporter-output>
        </test-method> <!-- closeDriver -->
      </class> <!-- com.falabella.test.cl.T1 -->
    </test> <!-- Default test -->
  </suite> <!-- Default suite -->
</testng-results>
