<?xml version="1.0" encoding="UTF-8"?>
<testng-results skipped="0" failed="0" ignored="0" total="1" passed="1">
  <reporter-output>
  </reporter-output>
  <suite name="Default suite" duration-ms="21096" started-at="2018-12-12T01:59:40Z" finished-at="2018-12-12T02:00:01Z">
    <groups>
    </groups>
    <test name="Default test" duration-ms="21096" started-at="2018-12-12T01:59:40Z" finished-at="2018-12-12T02:00:01Z">
      <class name="com.website.test.fa.F1">
        <test-method status="PASS" signature="getDriver()[pri:0, instance:com.website.test.fa.F1@669513d8]" name="getDriver" is-config="true" duration-ms="10600" started-at="2018-12-12T01:59:40Z" finished-at="2018-12-12T01:59:51Z">
          <reporter-output>
          </reporter-output>
        </test-method> <!-- getDriver -->
        <test-method status="PASS" signature="SearhProductInHomePage1(com.website.entities.Product)[pri:0, instance:com.website.test.fa.F1@669513d8]" name="SearhProductInHomePage1" duration-ms="9806" started-at="2018-12-12T01:59:51Z" description="Searh Product in Home 1" data-provider="ProductFalabella" finished-at="2018-12-12T02:00:01Z">
          <params>
            <param index="0">
              <value>
                <![CDATA[com.website.entities.Product@40538370]]>
              </value>
            </param>
          </params>
          <reporter-output>
          </reporter-output>
        </test-method> <!-- SearhProductInHomePage1 -->
        <test-method status="PASS" signature="closeDriver()[pri:0, instance:com.website.test.fa.F1@669513d8]" name="closeDriver" is-config="true" duration-ms="68" started-at="2018-12-12T02:00:01Z" finished-at="2018-12-12T02:00:01Z">
          <reporter-output>
          </reporter-output>
        </test-method> <!-- closeDriver -->
      </class> <!-- com.website.test.fa.F1 -->
    </test> <!-- Default test -->
  </suite> <!-- Default suite -->
</testng-results>
